<?xml version="1.0" encoding="UTF-8"?>
<testsuite name="ClickToVertexTests" tests="1" skipped="0" failures="0" errors="0" timestamp="2024-07-31T21:42:51" hostname="Carmens-MBP-2.lan" time="11.379">
  <properties/>
  <testcase name="start" classname="ClickToVertexTests" time="11.379"/>
  <system-out><![CDATA[?[1;31m
Start test 1?[0m
?[1;31m
Start test 2?[0m
?[1;31m
Start test 3?[0m
?[1;31m
Start test 4?[0m
?[1;31m
Start test 5?[0m
?[1;31m
Start test 6?[0m
?[1;31m
Start test 7?[0m
?[1;31m
Start test 8?[0m
?[1;31m
Start test 9?[0m
?[1;31m
Start test 10?[0m
?[1;31m
Start test 11?[0m
?[1;31m
Start test 12?[0m
?[1;31m
Start test 13?[0m
?[1;31m
Start test 14?[0m
?[1;31m
Start test 15?[0m
?[1;31m
Start test 16?[0m
]]></system-out>
  <system-err><![CDATA[]]></system-err>
</testsuite>
